<?xml version="1.0" encoding="UTF-8"?>
<testng-results skipped="0" failed="0" total="1" passed="1">
  <reporter-output>
  </reporter-output>
  <suite name="Command line suite" duration-ms="18" started-at="2023-01-27T12:11:37Z" finished-at="2023-01-27T12:11:37Z">
    <groups>
    </groups>
    <test name="Command line test" duration-ms="18" started-at="2023-01-27T12:11:37Z" finished-at="2023-01-27T12:11:37Z">
      <class name="org.example.AppTest">
        <test-method status="PASS" signature="testApp()" name="testApp" duration-ms="4" started-at="2023-01-27T12:11:37Z" finished-at="2023-01-27T12:11:37Z">
        </test-method>
      </class>
    </test>
  </suite>
</testng-results>
